Arguments: 
  /Users/tk/.nodebrew/node/v16.14.0/bin/node /Users/tk/.cache/node/corepack/yarn/1.22.19/bin/yarn.js add -D dotenv

PATH: 
  /usr/local/opt/mysql@5.7/bin:/Users/tk/.nodebrew/current/bin:/usr/local/bin:/usr/bin:/bin:/usr/sbin:/sbin:/usr/local/opt/mysql@5.7/bin:/Users/tk/.nodebrew/current/bin

Yarn version: 
  1.22.19

Node version: 
  16.14.0

Platform: 
  darwin x64

Trace: 
  Error: EACCES: permission denied, mkdir '/Users/tk/Desktop/01/node_modules/@mapbox/node-pre-gyp/node_modules/gauge'

npm manifest: 
  {
    "name": "01",
    "version": "1.0.0",
    "description": "",
    "main": "app01.js",
    "scripts": {
      "start": "node server.js",
      "test": "echo \"Error: no test specified\" && exit 1"
    },
    "keywords": [],
    "author": "",
    "license": "ISC",
    "dependencies": {
      "bcrypt": "^5.1.0",
      "ejs": "^3.1.8",
      "express": "^4.18.2",
      "jsonwebtoken": "^9.0.0",
      "mysql": "^2.18.1",
      "nodemon": "^2.0.21",
      "npm": "^9.6.0"
    }
  }

yarn manifest: 
  No manifest

Lockfile: 
  No lockfile
